2023-07-26 21:30:41,129 [Worker-4: Loading available Gradle versions] INFO  o.e.b.c.i.u.g.PublishedGradleVersions - Gradle version information cache is up-to-date. Trying to read.
2023-07-26 21:32:18,180 [Worker-5: Creating project "RestAssuredLearning"] INFO  o.e.m.c.i.l.LifecycleMappingFactory - Using org.eclipse.m2e.jdt.JarLifecycleMapping lifecycle mapping for MavenProject: RestAssuredLearning:RestAssuredLearning:0.0.1-SNAPSHOT @ E:\Yashwanth\API Testing Learning\RestAssuredLearning\pom.xml.
2023-07-26 21:32:18,804 [Worker-5: Creating project "RestAssuredLearning"] INFO  o.e.m.j.i.AbstractJavaProjectConfigurator - Not adding source folder /RestAssuredLearning/src/main/java because it overlaps with /RestAssuredLearning/src
2023-07-26 21:32:18,806 [Worker-5: Creating project "RestAssuredLearning"] INFO  o.e.m.j.i.AbstractJavaProjectConfigurator - Adding resource folder /RestAssuredLearning/src/main/resources
2023-07-26 21:32:18,808 [Worker-5: Creating project "RestAssuredLearning"] INFO  o.e.m.j.i.AbstractJavaProjectConfigurator - Not adding source folder /RestAssuredLearning/src/test/java because it overlaps with /RestAssuredLearning/src
2023-07-26 21:32:18,808 [Worker-5: Creating project "RestAssuredLearning"] INFO  o.e.m.j.i.AbstractJavaProjectConfigurator - Adding resource folder /RestAssuredLearning/src/test/resources
2023-07-26 21:32:19,111 [Worker-15: Building] WARN  o.a.m.s.f.DefaultMavenResourcesFiltering - Using platform encoding (Cp1252 actually) to copy filtered resources, i.e. build is platform dependent!
2023-07-26 21:32:19,115 [Worker-15: Building] INFO  o.a.m.s.f.DefaultMavenResourcesFiltering - Copying 0 resource
2023-07-26 21:32:19,120 [Worker-15: Building] WARN  o.a.m.s.f.DefaultMavenResourcesFiltering - Using platform encoding (Cp1252 actually) to copy filtered resources, i.e. build is platform dependent!
2023-07-26 21:32:19,121 [Worker-15: Building] INFO  o.a.m.s.f.DefaultMavenResourcesFiltering - Copying 0 resource
2023-07-26 21:33:25,347 [Worker-13: Creating project "RestAssuredLearning"] INFO  o.e.m.c.i.l.LifecycleMappingFactory - Using org.eclipse.m2e.jdt.JarLifecycleMapping lifecycle mapping for MavenProject: RestAssuredCompany:RestAssuredLearning:0.0.1-SNAPSHOT @ E:\Yashwanth\API Testing Learning\RestAssuredLearning\pom.xml.
2023-07-26 21:33:25,610 [Worker-13: Creating project "RestAssuredLearning"] INFO  o.e.m.j.i.AbstractJavaProjectConfigurator - Adding source folder /RestAssuredLearning/src/main/java
2023-07-26 21:33:25,610 [Worker-13: Creating project "RestAssuredLearning"] INFO  o.e.m.j.i.AbstractJavaProjectConfigurator - Adding resource folder /RestAssuredLearning/src/main/resources
2023-07-26 21:33:25,611 [Worker-13: Creating project "RestAssuredLearning"] INFO  o.e.m.j.i.AbstractJavaProjectConfigurator - Adding source folder /RestAssuredLearning/src/test/java
2023-07-26 21:33:25,611 [Worker-13: Creating project "RestAssuredLearning"] INFO  o.e.m.j.i.AbstractJavaProjectConfigurator - Adding resource folder /RestAssuredLearning/src/test/resources
2023-07-26 21:33:25,841 [Worker-21: Building] WARN  o.a.m.s.f.DefaultMavenResourcesFiltering - Using platform encoding (Cp1252 actually) to copy filtered resources, i.e. build is platform dependent!
2023-07-26 21:33:25,843 [Worker-21: Building] INFO  o.a.m.s.f.DefaultMavenResourcesFiltering - Copying 0 resource
2023-07-26 21:33:25,847 [Worker-21: Building] WARN  o.a.m.s.f.DefaultMavenResourcesFiltering - Using platform encoding (Cp1252 actually) to copy filtered resources, i.e. build is platform dependent!
2023-07-26 21:33:25,848 [Worker-21: Building] INFO  o.a.m.s.f.DefaultMavenResourcesFiltering - Copying 0 resource
2023-07-26 21:33:44,386 [Worker-21: Building] WARN  o.e.m.c.i.embedder.EclipseLogger - The artifact xml-apis:xml-apis:jar:2.0.2 has been relocated to xml-apis:xml-apis:jar:1.0.b2
2023-07-26 21:33:44,496 [Worker-21: Building] INFO  o.e.m.c.i.l.LifecycleMappingFactory - Using org.eclipse.m2e.jdt.JarLifecycleMapping lifecycle mapping for MavenProject: ResrAssuredCompany:RestAssuredProject:0.0.1-SNAPSHOT @ E:\Yashwanth\API Testing Learning\RestAssuredLearning\pom.xml.
2023-07-26 21:33:44,498 [Worker-21: Building] WARN  o.e.m.c.i.embedder.EclipseLogger - The artifact xml-apis:xml-apis:jar:2.0.2 has been relocated to xml-apis:xml-apis:jar:1.0.b2
2023-07-26 21:33:44,710 [Worker-21: Building] WARN  o.a.m.s.f.DefaultMavenResourcesFiltering - Using platform encoding (Cp1252 actually) to copy filtered resources, i.e. build is platform dependent!
2023-07-26 21:33:44,712 [Worker-21: Building] INFO  o.a.m.s.f.DefaultMavenResourcesFiltering - Copying 0 resource
2023-07-26 21:33:44,715 [Worker-21: Building] WARN  o.a.m.s.f.DefaultMavenResourcesFiltering - Using platform encoding (Cp1252 actually) to copy filtered resources, i.e. build is platform dependent!
2023-07-26 21:33:44,716 [Worker-21: Building] INFO  o.a.m.s.f.DefaultMavenResourcesFiltering - Copying 0 resource
2023-07-26 21:34:02,064 [Worker-1: Building] WARN  o.a.m.s.f.DefaultMavenResourcesFiltering - Using platform encoding (Cp1252 actually) to copy filtered resources, i.e. build is platform dependent!
2023-07-26 21:34:02,065 [Worker-1: Building] INFO  o.a.m.s.f.DefaultMavenResourcesFiltering - Copying 0 resource
2023-07-26 21:34:02,067 [Worker-1: Building] WARN  o.a.m.s.f.DefaultMavenResourcesFiltering - Using platform encoding (Cp1252 actually) to copy filtered resources, i.e. build is platform dependent!
2023-07-26 21:34:02,067 [Worker-1: Building] INFO  o.a.m.s.f.DefaultMavenResourcesFiltering - Copying 0 resource
2023-07-26 21:34:21,693 [Worker-15: Building] WARN  o.a.m.s.f.DefaultMavenResourcesFiltering - Using platform encoding (Cp1252 actually) to copy filtered resources, i.e. build is platform dependent!
2023-07-26 21:34:21,693 [Worker-15: Building] INFO  o.a.m.s.f.DefaultMavenResourcesFiltering - Copying 0 resource
2023-07-26 21:34:21,695 [Worker-15: Building] WARN  o.a.m.s.f.DefaultMavenResourcesFiltering - Using platform encoding (Cp1252 actually) to copy filtered resources, i.e. build is platform dependent!
2023-07-26 21:34:21,697 [Worker-15: Building] INFO  o.a.m.s.f.DefaultMavenResourcesFiltering - Copying 0 resource
2023-07-26 21:37:56,683 [Worker-13: Building] WARN  o.a.m.s.f.DefaultMavenResourcesFiltering - Using platform encoding (Cp1252 actually) to copy filtered resources, i.e. build is platform dependent!
2023-07-26 21:37:56,806 [Worker-13: Building] INFO  o.a.m.s.f.DefaultMavenResourcesFiltering - Copying 0 resource
2023-07-26 21:37:56,815 [Worker-13: Building] WARN  o.a.m.s.f.DefaultMavenResourcesFiltering - Using platform encoding (Cp1252 actually) to copy filtered resources, i.e. build is platform dependent!
2023-07-26 21:37:56,817 [Worker-13: Building] INFO  o.a.m.s.f.DefaultMavenResourcesFiltering - Copying 0 resource
2023-07-26 21:42:22,250 [Worker-13: Launching PathandQueryParameters] WARN  o.a.m.s.f.DefaultMavenResourcesFiltering - Using platform encoding (Cp1252 actually) to copy filtered resources, i.e. build is platform dependent!
2023-07-26 21:42:22,251 [Worker-13: Launching PathandQueryParameters] INFO  o.a.m.s.f.DefaultMavenResourcesFiltering - Copying 0 resource
2023-07-26 21:42:22,254 [Worker-13: Launching PathandQueryParameters] WARN  o.a.m.s.f.DefaultMavenResourcesFiltering - Using platform encoding (Cp1252 actually) to copy filtered resources, i.e. build is platform dependent!
2023-07-26 21:42:22,255 [Worker-13: Launching PathandQueryParameters] INFO  o.a.m.s.f.DefaultMavenResourcesFiltering - Copying 0 resource
2023-07-26 21:43:59,064 [Worker-12: Launching PathandQueryParameters] WARN  o.a.m.s.f.DefaultMavenResourcesFiltering - Using platform encoding (Cp1252 actually) to copy filtered resources, i.e. build is platform dependent!
2023-07-26 21:43:59,065 [Worker-12: Launching PathandQueryParameters] INFO  o.a.m.s.f.DefaultMavenResourcesFiltering - Copying 0 resource
2023-07-26 21:43:59,070 [Worker-12: Launching PathandQueryParameters] WARN  o.a.m.s.f.DefaultMavenResourcesFiltering - Using platform encoding (Cp1252 actually) to copy filtered resources, i.e. build is platform dependent!
2023-07-26 21:43:59,072 [Worker-12: Launching PathandQueryParameters] INFO  o.a.m.s.f.DefaultMavenResourcesFiltering - Copying 0 resource
2023-07-26 21:44:11,467 [Worker-31: Building] WARN  o.a.m.s.f.DefaultMavenResourcesFiltering - Using platform encoding (Cp1252 actually) to copy filtered resources, i.e. build is platform dependent!
2023-07-26 21:44:11,467 [Worker-31: Building] INFO  o.a.m.s.f.DefaultMavenResourcesFiltering - Copying 0 resource
2023-07-26 21:44:11,469 [Worker-31: Building] WARN  o.a.m.s.f.DefaultMavenResourcesFiltering - Using platform encoding (Cp1252 actually) to copy filtered resources, i.e. build is platform dependent!
2023-07-26 21:44:11,470 [Worker-31: Building] INFO  o.a.m.s.f.DefaultMavenResourcesFiltering - Copying 0 resource
2023-07-26 21:51:24,615 [Worker-30: Building] WARN  o.a.m.s.f.DefaultMavenResourcesFiltering - Using platform encoding (Cp1252 actually) to copy filtered resources, i.e. build is platform dependent!
2023-07-26 21:51:24,616 [Worker-30: Building] INFO  o.a.m.s.f.DefaultMavenResourcesFiltering - Copying 0 resource
2023-07-26 21:51:24,623 [Worker-30: Building] WARN  o.a.m.s.f.DefaultMavenResourcesFiltering - Using platform encoding (Cp1252 actually) to copy filtered resources, i.e. build is platform dependent!
2023-07-26 21:51:24,624 [Worker-30: Building] INFO  o.a.m.s.f.DefaultMavenResourcesFiltering - Copying 0 resource
2023-07-26 21:55:26,338 [Worker-32: Building] WARN  o.a.m.s.f.DefaultMavenResourcesFiltering - Using platform encoding (Cp1252 actually) to copy filtered resources, i.e. build is platform dependent!
2023-07-26 21:55:26,354 [Worker-32: Building] INFO  o.a.m.s.f.DefaultMavenResourcesFiltering - Copying 0 resource
2023-07-26 21:55:26,357 [Worker-32: Building] WARN  o.a.m.s.f.DefaultMavenResourcesFiltering - Using platform encoding (Cp1252 actually) to copy filtered resources, i.e. build is platform dependent!
2023-07-26 21:55:26,357 [Worker-32: Building] INFO  o.a.m.s.f.DefaultMavenResourcesFiltering - Copying 0 resource
2023-07-26 21:55:33,046 [Worker-30: Launching CookiesValidations] WARN  o.a.m.s.f.DefaultMavenResourcesFiltering - Using platform encoding (Cp1252 actually) to copy filtered resources, i.e. build is platform dependent!
2023-07-26 21:55:33,048 [Worker-30: Launching CookiesValidations] INFO  o.a.m.s.f.DefaultMavenResourcesFiltering - Copying 0 resource
2023-07-26 21:55:33,052 [Worker-30: Launching CookiesValidations] WARN  o.a.m.s.f.DefaultMavenResourcesFiltering - Using platform encoding (Cp1252 actually) to copy filtered resources, i.e. build is platform dependent!
2023-07-26 21:55:33,054 [Worker-30: Launching CookiesValidations] INFO  o.a.m.s.f.DefaultMavenResourcesFiltering - Copying 0 resource
2023-07-26 21:56:09,769 [Worker-33: Launching CookiesValidations] WARN  o.a.m.s.f.DefaultMavenResourcesFiltering - Using platform encoding (Cp1252 actually) to copy filtered resources, i.e. build is platform dependent!
2023-07-26 21:56:09,779 [Worker-33: Launching CookiesValidations] INFO  o.a.m.s.f.DefaultMavenResourcesFiltering - Copying 0 resource
2023-07-26 21:56:09,783 [Worker-33: Launching CookiesValidations] WARN  o.a.m.s.f.DefaultMavenResourcesFiltering - Using platform encoding (Cp1252 actually) to copy filtered resources, i.e. build is platform dependent!
2023-07-26 21:56:09,785 [Worker-33: Launching CookiesValidations] INFO  o.a.m.s.f.DefaultMavenResourcesFiltering - Copying 0 resource
2023-07-26 22:08:51,265 [Worker-36: Building] WARN  o.a.m.s.f.DefaultMavenResourcesFiltering - Using platform encoding (Cp1252 actually) to copy filtered resources, i.e. build is platform dependent!
2023-07-26 22:08:51,277 [Worker-36: Building] INFO  o.a.m.s.f.DefaultMavenResourcesFiltering - Copying 0 resource
2023-07-26 22:08:51,280 [Worker-36: Building] WARN  o.a.m.s.f.DefaultMavenResourcesFiltering - Using platform encoding (Cp1252 actually) to copy filtered resources, i.e. build is platform dependent!
2023-07-26 22:08:51,282 [Worker-36: Building] INFO  o.a.m.s.f.DefaultMavenResourcesFiltering - Copying 0 resource
2023-07-26 22:08:58,590 [Worker-37: Building] WARN  o.a.m.s.f.DefaultMavenResourcesFiltering - Using platform encoding (Cp1252 actually) to copy filtered resources, i.e. build is platform dependent!
2023-07-26 22:08:58,590 [Worker-37: Building] INFO  o.a.m.s.f.DefaultMavenResourcesFiltering - Copying 0 resource
2023-07-26 22:08:58,592 [Worker-37: Building] WARN  o.a.m.s.f.DefaultMavenResourcesFiltering - Using platform encoding (Cp1252 actually) to copy filtered resources, i.e. build is platform dependent!
2023-07-26 22:08:58,593 [Worker-37: Building] INFO  o.a.m.s.f.DefaultMavenResourcesFiltering - Copying 0 resource
2023-07-26 22:14:58,302 [Worker-38: Launching CookiesValidations] WARN  o.a.m.s.f.DefaultMavenResourcesFiltering - Using platform encoding (Cp1252 actually) to copy filtered resources, i.e. build is platform dependent!
2023-07-26 22:14:58,303 [Worker-38: Launching CookiesValidations] INFO  o.a.m.s.f.DefaultMavenResourcesFiltering - Copying 0 resource
2023-07-26 22:14:58,308 [Worker-38: Launching CookiesValidations] WARN  o.a.m.s.f.DefaultMavenResourcesFiltering - Using platform encoding (Cp1252 actually) to copy filtered resources, i.e. build is platform dependent!
2023-07-26 22:14:58,311 [Worker-38: Launching CookiesValidations] INFO  o.a.m.s.f.DefaultMavenResourcesFiltering - Copying 0 resource
2023-07-26 22:25:37,190 [Worker-36: Launching CookiesValidations] WARN  o.a.m.s.f.DefaultMavenResourcesFiltering - Using platform encoding (Cp1252 actually) to copy filtered resources, i.e. build is platform dependent!
2023-07-26 22:25:37,191 [Worker-36: Launching CookiesValidations] INFO  o.a.m.s.f.DefaultMavenResourcesFiltering - Copying 0 resource
2023-07-26 22:25:37,194 [Worker-36: Launching CookiesValidations] WARN  o.a.m.s.f.DefaultMavenResourcesFiltering - Using platform encoding (Cp1252 actually) to copy filtered resources, i.e. build is platform dependent!
2023-07-26 22:25:37,195 [Worker-36: Launching CookiesValidations] INFO  o.a.m.s.f.DefaultMavenResourcesFiltering - Copying 0 resource
2023-07-26 22:28:45,219 [Worker-39: Launching CookiesValidations] WARN  o.a.m.s.f.DefaultMavenResourcesFiltering - Using platform encoding (Cp1252 actually) to copy filtered resources, i.e. build is platform dependent!
2023-07-26 22:28:45,220 [Worker-39: Launching CookiesValidations] INFO  o.a.m.s.f.DefaultMavenResourcesFiltering - Copying 0 resource
2023-07-26 22:28:45,227 [Worker-39: Launching CookiesValidations] WARN  o.a.m.s.f.DefaultMavenResourcesFiltering - Using platform encoding (Cp1252 actually) to copy filtered resources, i.e. build is platform dependent!
2023-07-26 22:28:45,228 [Worker-39: Launching CookiesValidations] INFO  o.a.m.s.f.DefaultMavenResourcesFiltering - Copying 0 resource
2023-07-26 22:30:29,828 [Worker-43: Building] WARN  o.a.m.s.f.DefaultMavenResourcesFiltering - Using platform encoding (Cp1252 actually) to copy filtered resources, i.e. build is platform dependent!
2023-07-26 22:30:29,829 [Worker-43: Building] INFO  o.a.m.s.f.DefaultMavenResourcesFiltering - Copying 0 resource
2023-07-26 22:30:29,832 [Worker-43: Building] WARN  o.a.m.s.f.DefaultMavenResourcesFiltering - Using platform encoding (Cp1252 actually) to copy filtered resources, i.e. build is platform dependent!
2023-07-26 22:30:29,833 [Worker-43: Building] INFO  o.a.m.s.f.DefaultMavenResourcesFiltering - Copying 0 resource
2023-07-26 22:48:52,835 [Worker-46: Building] WARN  o.a.m.s.f.DefaultMavenResourcesFiltering - Using platform encoding (Cp1252 actually) to copy filtered resources, i.e. build is platform dependent!
2023-07-26 22:48:52,836 [Worker-46: Building] INFO  o.a.m.s.f.DefaultMavenResourcesFiltering - Copying 0 resource
2023-07-26 22:48:52,839 [Worker-46: Building] WARN  o.a.m.s.f.DefaultMavenResourcesFiltering - Using platform encoding (Cp1252 actually) to copy filtered resources, i.e. build is platform dependent!
2023-07-26 22:48:52,840 [Worker-46: Building] INFO  o.a.m.s.f.DefaultMavenResourcesFiltering - Copying 0 resource
2023-07-26 22:49:25,602 [Worker-46: Building] WARN  o.a.m.s.f.DefaultMavenResourcesFiltering - Using platform encoding (Cp1252 actually) to copy filtered resources, i.e. build is platform dependent!
2023-07-26 22:49:25,603 [Worker-46: Building] INFO  o.a.m.s.f.DefaultMavenResourcesFiltering - Copying 0 resource
2023-07-26 22:49:25,606 [Worker-46: Building] WARN  o.a.m.s.f.DefaultMavenResourcesFiltering - Using platform encoding (Cp1252 actually) to copy filtered resources, i.e. build is platform dependent!
2023-07-26 22:49:25,607 [Worker-46: Building] INFO  o.a.m.s.f.DefaultMavenResourcesFiltering - Copying 0 resource
2023-07-26 23:41:41,243 [Worker-47: Building] WARN  o.a.m.s.f.DefaultMavenResourcesFiltering - Using platform encoding (Cp1252 actually) to copy filtered resources, i.e. build is platform dependent!
2023-07-26 23:41:41,254 [Worker-47: Building] INFO  o.a.m.s.f.DefaultMavenResourcesFiltering - Copying 0 resource
2023-07-26 23:41:41,257 [Worker-47: Building] WARN  o.a.m.s.f.DefaultMavenResourcesFiltering - Using platform encoding (Cp1252 actually) to copy filtered resources, i.e. build is platform dependent!
2023-07-26 23:41:41,259 [Worker-47: Building] INFO  o.a.m.s.f.DefaultMavenResourcesFiltering - Copying 0 resource
2023-07-26 23:46:55,382 [Worker-49: Launching HeadersValidation] WARN  o.a.m.s.f.DefaultMavenResourcesFiltering - Using platform encoding (Cp1252 actually) to copy filtered resources, i.e. build is platform dependent!
2023-07-26 23:46:55,383 [Worker-49: Launching HeadersValidation] INFO  o.a.m.s.f.DefaultMavenResourcesFiltering - Copying 0 resource
2023-07-26 23:46:55,386 [Worker-49: Launching HeadersValidation] WARN  o.a.m.s.f.DefaultMavenResourcesFiltering - Using platform encoding (Cp1252 actually) to copy filtered resources, i.e. build is platform dependent!
2023-07-26 23:46:55,387 [Worker-49: Launching HeadersValidation] INFO  o.a.m.s.f.DefaultMavenResourcesFiltering - Copying 0 resource
2023-07-27 00:12:26,505 [Worker-49: Building] WARN  o.a.m.s.f.DefaultMavenResourcesFiltering - Using platform encoding (Cp1252 actually) to copy filtered resources, i.e. build is platform dependent!
2023-07-27 00:12:26,521 [Worker-49: Building] INFO  o.a.m.s.f.DefaultMavenResourcesFiltering - Copying 0 resource
2023-07-27 00:12:26,523 [Worker-49: Building] WARN  o.a.m.s.f.DefaultMavenResourcesFiltering - Using platform encoding (Cp1252 actually) to copy filtered resources, i.e. build is platform dependent!
2023-07-27 00:12:26,523 [Worker-49: Building] INFO  o.a.m.s.f.DefaultMavenResourcesFiltering - Copying 0 resource
2023-07-27 00:30:36,237 [Worker-54: Building] WARN  o.a.m.s.f.DefaultMavenResourcesFiltering - Using platform encoding (Cp1252 actually) to copy filtered resources, i.e. build is platform dependent!
2023-07-27 00:30:36,250 [Worker-54: Building] INFO  o.a.m.s.f.DefaultMavenResourcesFiltering - Copying 0 resource
2023-07-27 00:30:36,252 [Worker-54: Building] WARN  o.a.m.s.f.DefaultMavenResourcesFiltering - Using platform encoding (Cp1252 actually) to copy filtered resources, i.e. build is platform dependent!
2023-07-27 00:30:36,253 [Worker-54: Building] INFO  o.a.m.s.f.DefaultMavenResourcesFiltering - Copying 0 resource
2023-07-27 21:35:06,210 [Worker-4: Loading available Gradle versions] INFO  o.e.b.c.i.u.g.PublishedGradleVersions - Gradle version information cache is up-to-date. Trying to read.
2023-07-27 21:35:09,595 [Worker-4: Building] WARN  o.e.m.c.i.embedder.EclipseLogger - The artifact xml-apis:xml-apis:jar:2.0.2 has been relocated to xml-apis:xml-apis:jar:1.0.b2
2023-07-27 21:35:10,440 [Worker-4: Building] WARN  o.a.m.s.f.DefaultMavenResourcesFiltering - Using platform encoding (Cp1252 actually) to copy filtered resources, i.e. build is platform dependent!
2023-07-27 21:35:10,455 [Worker-4: Building] INFO  o.a.m.s.f.DefaultMavenResourcesFiltering - Copying 0 resource
2023-07-27 21:35:10,471 [Worker-4: Building] WARN  o.a.m.s.f.DefaultMavenResourcesFiltering - Using platform encoding (Cp1252 actually) to copy filtered resources, i.e. build is platform dependent!
2023-07-27 21:35:10,471 [Worker-4: Building] INFO  o.a.m.s.f.DefaultMavenResourcesFiltering - Copying 0 resource
2023-07-29 19:19:54,165 [Worker-6: Loading available Gradle versions] INFO  o.e.b.c.i.u.g.PublishedGradleVersions - Gradle version information cache is up-to-date. Trying to read.
